<?xml version="1.0" encoding="UTF-8"?>
<!-- Generated by org.testng.reporters.JUnitReportReporter -->
<testsuite name="runner.RunTest" tests="1" time="7.427" ignored="0" failures="0" timestamp="04 Jul 2019 12:15:02 GMT" skipped="0" hostname="7CW99R2" errors="0">
  <testcase name="feature" time="7.427" classname="runner.RunTest"/>
</testsuite> <!-- runner.RunTest -->
